<?xml version="1.0" encoding="UTF-8"?>
<testsuite xmlns:xsi="http://www.w3.org/2001/XMLSchema-instance" xsi:noNamespaceSchemaLocation="https://maven.apache.org/surefire/maven-surefire-plugin/xsd/surefire-test-report.xsd" name="LiteratureTest" time="0.109" tests="4" errors="0" skipped="0" failures="4">
  <properties>
    <property name="sun.desktop" value="windows"/>
    <property name="awt.toolkit" value="sun.awt.windows.WToolkit"/>
    <property name="java.specification.version" value="11"/>
    <property name="sun.cpu.isalist" value="amd64"/>
    <property name="sun.jnu.encoding" value="Cp1252"/>
    <property name="java.class.path" value="C:\Users\Carlos\Documents\NetBeansProjects\mooc-java-programming-ii\part10-Part10_14.Literature\target\test-classes;C:\Users\Carlos\Documents\NetBeansProjects\mooc-java-programming-ii\part10-Part10_14.Literature\target\classes;C:\Users\Carlos\.m2\repository\junit\junit\4.12\junit-4.12.jar;C:\Users\Carlos\.m2\repository\org\hamcrest\hamcrest-core\1.3\hamcrest-core-1.3.jar;C:\Users\Carlos\.m2\repository\fi\helsinki\cs\tmc\edu-test-utils\0.4.2\edu-test-utils-0.4.2.jar;"/>
    <property name="java.vm.vendor" value="Eclipse Adoptium"/>
    <property name="sun.arch.data.model" value="64"/>
    <property name="user.variant" value=""/>
    <property name="java.vendor.url" value="https://adoptium.net/"/>
    <property name="user.timezone" value="America/Chicago"/>
    <property name="java.vm.specification.version" value="11"/>
    <property name="os.name" value="Windows 11"/>
    <property name="sun.java.launcher" value="SUN_STANDARD"/>
    <property name="user.country" value="US"/>
    <property name="sun.boot.library.path" value="C:\Program Files\Eclipse Adoptium\jdk-11.0.15.10-hotspot\bin"/>
    <property name="sun.java.command" value="C:\Users\Carlos\AppData\Local\Temp\surefire3292328307470845134\surefirebooter1916675735953772832.jar C:\Users\Carlos\AppData\Local\Temp\surefire3292328307470845134 2022-08-15T12-37-31_759-jvmRun1 surefire13950247309723794689tmp surefire_014175653099571706024tmp"/>
    <property name="jdk.debug" value="release"/>
    <property name="surefire.test.class.path" value="C:\Users\Carlos\Documents\NetBeansProjects\mooc-java-programming-ii\part10-Part10_14.Literature\target\test-classes;C:\Users\Carlos\Documents\NetBeansProjects\mooc-java-programming-ii\part10-Part10_14.Literature\target\classes;C:\Users\Carlos\.m2\repository\junit\junit\4.12\junit-4.12.jar;C:\Users\Carlos\.m2\repository\org\hamcrest\hamcrest-core\1.3\hamcrest-core-1.3.jar;C:\Users\Carlos\.m2\repository\fi\helsinki\cs\tmc\edu-test-utils\0.4.2\edu-test-utils-0.4.2.jar;"/>
    <property name="sun.cpu.endian" value="little"/>
    <property name="user.home" value="C:\Users\Carlos"/>
    <property name="user.language" value="en"/>
    <property name="java.specification.vendor" value="Oracle Corporation"/>
    <property name="java.version.date" value="2022-04-19"/>
    <property name="java.home" value="C:\Program Files\Eclipse Adoptium\jdk-11.0.15.10-hotspot"/>
    <property name="file.separator" value="\"/>
    <property name="basedir" value="C:\Users\Carlos\Documents\NetBeansProjects\mooc-java-programming-ii\part10-Part10_14.Literature"/>
    <property name="java.vm.compressedOopsMode" value="Zero based"/>
    <property name="line.separator" value="&#10;"/>
    <property name="java.specification.name" value="Java Platform API Specification"/>
    <property name="java.vm.specification.vendor" value="Oracle Corporation"/>
    <property name="java.awt.graphicsenv" value="sun.awt.Win32GraphicsEnvironment"/>
    <property name="surefire.real.class.path" value="C:\Users\Carlos\AppData\Local\Temp\surefire3292328307470845134\surefirebooter1916675735953772832.jar"/>
    <property name="jdk.net.URLClassPath.disableClassPathURLCheck" value="true"/>
    <property name="user.script" value=""/>
    <property name="sun.management.compiler" value="HotSpot 64-Bit Tiered Compilers"/>
    <property name="java.runtime.version" value="11.0.15+10"/>
    <property name="user.name" value="Carlos"/>
    <property name="path.separator" value=";"/>
    <property name="os.version" value="10.0"/>
    <property name="java.runtime.name" value="OpenJDK Runtime Environment"/>
    <property name="file.encoding" value="UTF-8"/>
    <property name="java.vm.name" value="OpenJDK 64-Bit Server VM"/>
    <property name="java.vendor.version" value="Temurin-11.0.15+10"/>
    <property name="localRepository" value="C:\Users\Carlos\.m2\repository"/>
    <property name="java.vendor.url.bug" value="https://github.com/adoptium/adoptium-support/issues"/>
    <property name="java.io.tmpdir" value="C:\Users\Carlos\AppData\Local\Temp\"/>
    <property name="java.version" value="11.0.15"/>
    <property name="user.dir" value="C:\Users\Carlos\Documents\NetBeansProjects\mooc-java-programming-ii\part10-Part10_14.Literature"/>
    <property name="os.arch" value="amd64"/>
    <property name="java.vm.specification.name" value="Java Virtual Machine Specification"/>
    <property name="java.awt.printerjob" value="sun.awt.windows.WPrinterJob"/>
    <property name="sun.os.patch.level" value=""/>
    <property name="java.library.path" value="C:\Program Files\Eclipse Adoptium\jdk-11.0.15.10-hotspot\bin;C:\Windows\Sun\Java\bin;C:\Windows\system32;C:\Windows;C:\Program Files\Common Files\Oracle\Java\javapath;C:\Program Files\Eclipse Adoptium\jdk-11.0.15.10-hotspot\bin;C:\Program Files\Eclipse Foundation\jdk-16.0.2.7-hotspot\bin;C:\Python310\Scripts\;C:\Python310\;C:\Windows\system32;C:\Windows;C:\Windows\System32\Wbem;C:\Windows\System32\WindowsPowerShell\v1.0\;C:\Windows\System32\OpenSSH\;C:\Program Files\nodejs\;C:\ProgramData\chocolatey\bin;C:\Program Files\Git\cmd;C:\Users\Carlos\AppData\Local\Microsoft\WindowsApps;C:\Users\Carlos\AppData\Local\Programs\Microsoft VS Code\bin;C:\Users\Carlos\AppData\Roaming\npm;C:\Program Files\heroku\bin;C:\ProgramData\Carlos\atom\bin;C:\Users\Carlos\AppData\Local\atom\bin;C:\Program Files\MongoDB\Server\5.0\bin;;."/>
    <property name="java.vm.info" value="mixed mode"/>
    <property name="java.vendor" value="Eclipse Adoptium"/>
    <property name="java.vm.version" value="11.0.15+10"/>
    <property name="sun.io.unicode.encoding" value="UnicodeLittle"/>
    <property name="java.class.version" value="55.0"/>
  </properties>
  <testcase name="orderByAgeRecommendationAndName1" classname="LiteratureTest" time="0.01">
    <failure message="When the program gets 3 books as input, it is expected that the output would contain the String &quot;3 books in total&quot;. This didn&apos;t happen. The input was:&#10;[aapinen, 1990, sorsanen, 1991, kukkonen, 1989]" type="java.lang.AssertionError">java.lang.AssertionError: 
When the program gets 3 books as input, it is expected that the output would contain the String "3 books in total". This didn't happen. The input was:
[aapinen, 1990, sorsanen, 1991, kukkonen, 1989]
	at LiteratureTest.orderByAgeRecommendationAndName1(LiteratureTest.java:116)
</failure>
  </testcase>
  <testcase name="orderByAgeRecommendationAndName2" classname="LiteratureTest" time="0.001">
    <failure message="When the program gets 4 books as input, it is expected that the output would contain the String &quot;4 books in total&quot;. This didn&apos;t happen. The input was:&#10;[bbbb, 1, aaaa, 1, cccc, 1, dddd, 0]" type="java.lang.AssertionError">java.lang.AssertionError: 
When the program gets 4 books as input, it is expected that the output would contain the String "4 books in total". This didn't happen. The input was:
[bbbb, 1, aaaa, 1, cccc, 1, dddd, 0]
	at LiteratureTest.orderByAgeRecommendationAndName2(LiteratureTest.java:155)
</failure>
  </testcase>
  <testcase name="areBooksAndAmountPrinted1" classname="LiteratureTest" time="0.001">
    <failure message="When the program gets five books as input, it is expected that the output would contain the String &quot;5 books in total&quot;. This didn&apos;t happen. The input was:&#10;[aapinen, 3, kukkonen, 4, paapinen, 5, kiukkunen, 1, ukkonen, 2]" type="java.lang.AssertionError">java.lang.AssertionError: 
When the program gets five books as input, it is expected that the output would contain the String "5 books in total". This didn't happen. The input was:
[aapinen, 3, kukkonen, 4, paapinen, 5, kiukkunen, 1, ukkonen, 2]
	at LiteratureTest.areBooksAndAmountPrinted1(LiteratureTest.java:36)
</failure>
  </testcase>
  <testcase name="orderByAgeRecommendation" classname="LiteratureTest" time="0.001">
    <failure message="When the program gets 6 books as input, it is expected that the output would contain the String &quot;6 books in total&quot;. This didn&apos;t happen. The input was:&#10;[aapinen1, 30, kukkonen1, 40, aapinen2, 50, kukkonen2, 10, kukkonen3, 20, aapinen3, 60]" type="java.lang.AssertionError">java.lang.AssertionError: 
When the program gets 6 books as input, it is expected that the output would contain the String "6 books in total". This didn't happen. The input was:
[aapinen1, 30, kukkonen1, 40, aapinen2, 50, kukkonen2, 10, kukkonen3, 20, aapinen3, 60]
	at LiteratureTest.orderByAgeRecommendation(LiteratureTest.java:72)
</failure>
  </testcase>
</testsuite>